[22 gen 2014 18:56:26,975] ERROR [Thread-4] (MainWindow.java:run:1325) - Error: element(2) file(C:\Users\Marco\Documents\keyvalue.csv) serial(2600215704919) duplicate
[22 gen 2014 18:56:26,977] ERROR [Thread-4] (MainWindow.java:run:1325) - Error: element(3) file(C:\Users\Marco\Documents\keyvalue.csv) serial(2600215704919) duplicate
[22 gen 2014 18:56:26,978] ERROR [Thread-4] (MainWindow.java:run:1325) - Error: element(4) file(C:\Users\Marco\Documents\keyvalue.csv) serial(2600215704919) duplicate
[22 gen 2014 18:56:26,978] ERROR [Thread-4] (MainWindow.java:run:1325) - Error: element(5) file(C:\Users\Marco\Documents\keyvalue.csv) serial(2600215704919) duplicate
[22 gen 2014 18:56:27,137] DEBUG [Thread-4] (MainWindow.java:run:1447) - Error: file(C:\Users\Marco\Documents\keyvalue.csv)
java.security.InvalidParameterException: Wrong keysize: must be equal to 128, 192 or 256
	at com.sun.crypto.provider.AESKeyGenerator.engineInit(AESKeyGenerator.java:93)
	at javax.crypto.KeyGenerator.init(KeyGenerator.java:501)
	at com.dicarlo.MainWindow$15.run(MainWindow.java:1386)
[22 gen 2014 19:00:39,590] ERROR [Thread-4] (MainWindow.java:run:1325) - Error: element(2) file(C:\Users\Marco\Documents\keyvalue.csv) serial(2600215704919) duplicate
[22 gen 2014 19:00:39,593] ERROR [Thread-4] (MainWindow.java:run:1325) - Error: element(3) file(C:\Users\Marco\Documents\keyvalue.csv) serial(2600215704919) duplicate
[22 gen 2014 19:00:39,593] ERROR [Thread-4] (MainWindow.java:run:1325) - Error: element(4) file(C:\Users\Marco\Documents\keyvalue.csv) serial(2600215704919) duplicate
[22 gen 2014 19:00:39,594] ERROR [Thread-4] (MainWindow.java:run:1325) - Error: element(5) file(C:\Users\Marco\Documents\keyvalue.csv) serial(2600215704919) duplicate
[22 gen 2014 19:00:39,658] DEBUG [Thread-4] (MainWindow.java:run:1447) - Error: file(C:\Users\Marco\Documents\keyvalue.csv)
java.security.NoSuchAlgorithmException: Cannot find any provider supporting AES/CBC/PKCS7Padding
	at javax.crypto.Cipher.getInstance(Cipher.java:524)
	at com.dicarlo.MainWindow$15.run(MainWindow.java:1412)
[22 gen 2014 19:04:54,321] ERROR [Thread-4] (MainWindow.java:run:1325) - Error: element(2) file(C:\Users\Marco\Documents\keyvalue.csv) serial(2600215704919) duplicate
[22 gen 2014 19:04:54,323] ERROR [Thread-4] (MainWindow.java:run:1325) - Error: element(3) file(C:\Users\Marco\Documents\keyvalue.csv) serial(2600215704919) duplicate
[22 gen 2014 19:04:54,323] ERROR [Thread-4] (MainWindow.java:run:1325) - Error: element(4) file(C:\Users\Marco\Documents\keyvalue.csv) serial(2600215704919) duplicate
[22 gen 2014 19:04:54,323] ERROR [Thread-4] (MainWindow.java:run:1325) - Error: element(5) file(C:\Users\Marco\Documents\keyvalue.csv) serial(2600215704919) duplicate
[22 gen 2014 19:04:54,392] DEBUG [Thread-4] (MainWindow.java:run:1447) - Error: file(C:\Users\Marco\Documents\keyvalue.csv)
java.security.InvalidKeyException: Illegal key size or default parameters
	at javax.crypto.Cipher.checkCryptoPerm(Cipher.java:1011)
	at javax.crypto.Cipher.implInit(Cipher.java:786)
	at javax.crypto.Cipher.chooseProvider(Cipher.java:849)
	at javax.crypto.Cipher.init(Cipher.java:1213)
	at javax.crypto.Cipher.init(Cipher.java:1153)
	at com.dicarlo.MainWindow$15.run(MainWindow.java:1413)
[22 gen 2014 19:06:19,009] ERROR [Thread-4] (MainWindow.java:run:1325) - Error: element(2) file(C:\Users\Marco\Documents\keyvalue.csv) serial(2600215704919) duplicate
[22 gen 2014 19:06:19,012] ERROR [Thread-4] (MainWindow.java:run:1325) - Error: element(3) file(C:\Users\Marco\Documents\keyvalue.csv) serial(2600215704919) duplicate
[22 gen 2014 19:06:19,012] ERROR [Thread-4] (MainWindow.java:run:1325) - Error: element(4) file(C:\Users\Marco\Documents\keyvalue.csv) serial(2600215704919) duplicate
[22 gen 2014 19:06:19,012] ERROR [Thread-4] (MainWindow.java:run:1325) - Error: element(5) file(C:\Users\Marco\Documents\keyvalue.csv) serial(2600215704919) duplicate
[22 gen 2014 19:06:19,084] DEBUG [Thread-4] (MainWindow.java:run:1447) - Error: file(C:\Users\Marco\Documents\keyvalue.csv)
java.security.InvalidKeyException: Illegal key size or default parameters
	at javax.crypto.Cipher.checkCryptoPerm(Cipher.java:1011)
	at javax.crypto.Cipher.implInit(Cipher.java:786)
	at javax.crypto.Cipher.chooseProvider(Cipher.java:849)
	at javax.crypto.Cipher.init(Cipher.java:1213)
	at javax.crypto.Cipher.init(Cipher.java:1153)
	at com.dicarlo.MainWindow$15.run(MainWindow.java:1413)
[22 gen 2014 21:51:38,040] ERROR [Thread-4] (MainWindow.java:run:1325) - Error: element(2) file(C:\Users\Marco\Documents\keyvalue.csv) serial(2600215704919) duplicate
[22 gen 2014 21:51:38,055] ERROR [Thread-4] (MainWindow.java:run:1325) - Error: element(3) file(C:\Users\Marco\Documents\keyvalue.csv) serial(2600215704919) duplicate
[22 gen 2014 21:51:38,055] ERROR [Thread-4] (MainWindow.java:run:1325) - Error: element(4) file(C:\Users\Marco\Documents\keyvalue.csv) serial(2600215704919) duplicate
[22 gen 2014 21:51:38,055] ERROR [Thread-4] (MainWindow.java:run:1325) - Error: element(5) file(C:\Users\Marco\Documents\keyvalue.csv) serial(2600215704919) duplicate
[22 gen 2014 21:51:38,211] DEBUG [Thread-4] (MainWindow.java:run:1447) - Error: file(C:\Users\Marco\Documents\keyvalue.csv)
java.security.InvalidKeyException: Illegal key size or default parameters
	at javax.crypto.Cipher.checkCryptoPerm(Cipher.java:1011)
	at javax.crypto.Cipher.implInit(Cipher.java:786)
	at javax.crypto.Cipher.chooseProvider(Cipher.java:849)
	at javax.crypto.Cipher.init(Cipher.java:1213)
	at javax.crypto.Cipher.init(Cipher.java:1153)
	at com.dicarlo.MainWindow$15.run(MainWindow.java:1413)
[22 gen 2014 21:53:07,648] ERROR [Thread-4] (MainWindow.java:run:1325) - Error: element(2) file(C:\Users\Marco\Documents\keyvalue.csv) serial(2600215704919) duplicate
[22 gen 2014 21:53:07,648] ERROR [Thread-4] (MainWindow.java:run:1325) - Error: element(3) file(C:\Users\Marco\Documents\keyvalue.csv) serial(2600215704919) duplicate
[22 gen 2014 21:53:07,648] ERROR [Thread-4] (MainWindow.java:run:1325) - Error: element(4) file(C:\Users\Marco\Documents\keyvalue.csv) serial(2600215704919) duplicate
[22 gen 2014 21:53:07,648] ERROR [Thread-4] (MainWindow.java:run:1325) - Error: element(5) file(C:\Users\Marco\Documents\keyvalue.csv) serial(2600215704919) duplicate
[22 gen 2014 22:20:34,595] ERROR [Thread-4] (MainWindow.java:run:1325) - Error: element(2) file(C:\Users\Marco\Documents\keyvalue.csv) serial(2600215704919) duplicate
[22 gen 2014 22:20:34,595] ERROR [Thread-4] (MainWindow.java:run:1325) - Error: element(3) file(C:\Users\Marco\Documents\keyvalue.csv) serial(2600215704919) duplicate
[22 gen 2014 22:20:34,595] ERROR [Thread-4] (MainWindow.java:run:1325) - Error: element(4) file(C:\Users\Marco\Documents\keyvalue.csv) serial(2600215704919) duplicate
[22 gen 2014 22:20:34,595] ERROR [Thread-4] (MainWindow.java:run:1325) - Error: element(5) file(C:\Users\Marco\Documents\keyvalue.csv) serial(2600215704919) duplicate
[22 gen 2014 22:45:54,209] ERROR [Thread-4] (MainWindow.java:run:1325) - Error: element(2) file(C:\Users\Marco\Documents\keyvalue.csv) serial(2600215704919) duplicate
[22 gen 2014 22:45:54,209] ERROR [Thread-4] (MainWindow.java:run:1325) - Error: element(3) file(C:\Users\Marco\Documents\keyvalue.csv) serial(2600215704919) duplicate
[22 gen 2014 22:45:54,209] ERROR [Thread-4] (MainWindow.java:run:1325) - Error: element(4) file(C:\Users\Marco\Documents\keyvalue.csv) serial(2600215704919) duplicate
[22 gen 2014 22:45:54,209] ERROR [Thread-4] (MainWindow.java:run:1325) - Error: element(5) file(C:\Users\Marco\Documents\keyvalue.csv) serial(2600215704919) duplicate
[22 gen 2014 22:53:04,912] ERROR [Thread-4] (MainWindow.java:run:1325) - Error: element(2) file(C:\Users\Marco\Documents\keyvalue.csv) serial(2600215704919) duplicate
[22 gen 2014 22:53:04,912] ERROR [Thread-4] (MainWindow.java:run:1325) - Error: element(3) file(C:\Users\Marco\Documents\keyvalue.csv) serial(2600215704919) duplicate
[22 gen 2014 22:53:04,912] ERROR [Thread-4] (MainWindow.java:run:1325) - Error: element(4) file(C:\Users\Marco\Documents\keyvalue.csv) serial(2600215704919) duplicate
[22 gen 2014 22:53:04,912] ERROR [Thread-4] (MainWindow.java:run:1325) - Error: element(5) file(C:\Users\Marco\Documents\keyvalue.csv) serial(2600215704919) duplicate
[22 gen 2014 22:59:33,624] ERROR [Thread-4] (MainWindow.java:run:1325) - Error: element(2) file(C:\Users\Marco\Documents\keyvalue.csv) serial(2600215704919) duplicate
[22 gen 2014 22:59:33,624] ERROR [Thread-4] (MainWindow.java:run:1325) - Error: element(3) file(C:\Users\Marco\Documents\keyvalue.csv) serial(2600215704919) duplicate
[22 gen 2014 22:59:33,624] ERROR [Thread-4] (MainWindow.java:run:1325) - Error: element(4) file(C:\Users\Marco\Documents\keyvalue.csv) serial(2600215704919) duplicate
[22 gen 2014 22:59:33,624] ERROR [Thread-4] (MainWindow.java:run:1325) - Error: element(5) file(C:\Users\Marco\Documents\keyvalue.csv) serial(2600215704919) duplicate
[22 gen 2014 23:23:17,630] ERROR [Thread-4] (MainWindow.java:run:1325) - Error: element(2) file(C:\Users\Marco\Documents\keyvalue.csv) serial(2600215704919) duplicate
[22 gen 2014 23:23:17,630] ERROR [Thread-4] (MainWindow.java:run:1325) - Error: element(3) file(C:\Users\Marco\Documents\keyvalue.csv) serial(2600215704919) duplicate
[22 gen 2014 23:23:17,630] ERROR [Thread-4] (MainWindow.java:run:1325) - Error: element(4) file(C:\Users\Marco\Documents\keyvalue.csv) serial(2600215704919) duplicate
[22 gen 2014 23:23:17,630] ERROR [Thread-4] (MainWindow.java:run:1325) - Error: element(5) file(C:\Users\Marco\Documents\keyvalue.csv) serial(2600215704919) duplicate
[22 gen 2014 23:34:23,613] ERROR [Thread-4] (MainWindow.java:run:1325) - Error: element(2) file(C:\Users\Marco\Documents\keyvalue.csv) serial(2600215704919) duplicate
[22 gen 2014 23:34:23,613] ERROR [Thread-4] (MainWindow.java:run:1325) - Error: element(3) file(C:\Users\Marco\Documents\keyvalue.csv) serial(2600215704919) duplicate
[22 gen 2014 23:34:23,613] ERROR [Thread-4] (MainWindow.java:run:1325) - Error: element(4) file(C:\Users\Marco\Documents\keyvalue.csv) serial(2600215704919) duplicate
[22 gen 2014 23:34:23,613] ERROR [Thread-4] (MainWindow.java:run:1325) - Error: element(5) file(C:\Users\Marco\Documents\keyvalue.csv) serial(2600215704919) duplicate
[22 gen 2014 23:39:14,951] ERROR [Thread-4] (MainWindow.java:run:1325) - Error: element(2) file(C:\Users\Marco\Documents\keyvalue.csv) serial(2600215704919) duplicate
[22 gen 2014 23:39:14,951] ERROR [Thread-4] (MainWindow.java:run:1325) - Error: element(3) file(C:\Users\Marco\Documents\keyvalue.csv) serial(2600215704919) duplicate
[22 gen 2014 23:39:14,951] ERROR [Thread-4] (MainWindow.java:run:1325) - Error: element(4) file(C:\Users\Marco\Documents\keyvalue.csv) serial(2600215704919) duplicate
[22 gen 2014 23:39:14,951] ERROR [Thread-4] (MainWindow.java:run:1325) - Error: element(5) file(C:\Users\Marco\Documents\keyvalue.csv) serial(2600215704919) duplicate
[22 gen 2014 23:44:44,797] ERROR [Thread-4] (MainWindow.java:run:1325) - Error: element(2) file(C:\Users\Marco\Documents\keyvalue.csv) serial(2600215704919) duplicate
[22 gen 2014 23:44:44,797] ERROR [Thread-4] (MainWindow.java:run:1325) - Error: element(3) file(C:\Users\Marco\Documents\keyvalue.csv) serial(2600215704919) duplicate
[22 gen 2014 23:44:44,797] ERROR [Thread-4] (MainWindow.java:run:1325) - Error: element(4) file(C:\Users\Marco\Documents\keyvalue.csv) serial(2600215704919) duplicate
[22 gen 2014 23:44:44,797] ERROR [Thread-4] (MainWindow.java:run:1325) - Error: element(5) file(C:\Users\Marco\Documents\keyvalue.csv) serial(2600215704919) duplicate
[22 gen 2014 23:50:40,236] ERROR [Thread-4] (MainWindow.java:run:1325) - Error: element(2) file(C:\Users\Marco\Documents\keyvalue.csv) serial(2600215704919) duplicate
[22 gen 2014 23:50:40,236] ERROR [Thread-4] (MainWindow.java:run:1325) - Error: element(3) file(C:\Users\Marco\Documents\keyvalue.csv) serial(2600215704919) duplicate
[22 gen 2014 23:50:40,236] ERROR [Thread-4] (MainWindow.java:run:1325) - Error: element(4) file(C:\Users\Marco\Documents\keyvalue.csv) serial(2600215704919) duplicate
[22 gen 2014 23:50:40,236] ERROR [Thread-4] (MainWindow.java:run:1325) - Error: element(5) file(C:\Users\Marco\Documents\keyvalue.csv) serial(2600215704919) duplicate
[23 gen 2014 00:20:36,917] ERROR [Thread-4] (MainWindow.java:run:1328) - Error: element(2) file(C:\Users\Marco\Documents\keyvalue.csv) serial(2600215704919) duplicate
[23 gen 2014 00:20:36,933] ERROR [Thread-4] (MainWindow.java:run:1328) - Error: element(3) file(C:\Users\Marco\Documents\keyvalue.csv) serial(2600215704919) duplicate
[23 gen 2014 00:20:36,933] ERROR [Thread-4] (MainWindow.java:run:1328) - Error: element(4) file(C:\Users\Marco\Documents\keyvalue.csv) serial(2600215704919) duplicate
[23 gen 2014 00:20:36,933] ERROR [Thread-4] (MainWindow.java:run:1328) - Error: element(5) file(C:\Users\Marco\Documents\keyvalue.csv) serial(2600215704919) duplicate
[23 gen 2014 14:28:24,301] ERROR [Thread-4] (MainWindow.java:run:1329) - Error: element(2) file(C:\Users\Marco\Documents\keyvalue.csv) serial(2600215704919) duplicate
[23 gen 2014 14:28:24,310] ERROR [Thread-4] (MainWindow.java:run:1329) - Error: element(3) file(C:\Users\Marco\Documents\keyvalue.csv) serial(2600215704919) duplicate
[23 gen 2014 14:28:24,311] ERROR [Thread-4] (MainWindow.java:run:1329) - Error: element(4) file(C:\Users\Marco\Documents\keyvalue.csv) serial(2600215704919) duplicate
[23 gen 2014 14:28:24,311] ERROR [Thread-4] (MainWindow.java:run:1329) - Error: element(5) file(C:\Users\Marco\Documents\keyvalue.csv) serial(2600215704919) duplicate
[23 gen 2014 14:36:21,697] ERROR [Thread-4] (MainWindow.java:run:1329) - Error: element(2) file(C:\Users\Marco\Documents\keyvalue.csv) serial(2600215704919) duplicate
[23 gen 2014 14:36:21,700] ERROR [Thread-4] (MainWindow.java:run:1329) - Error: element(3) file(C:\Users\Marco\Documents\keyvalue.csv) serial(2600215704919) duplicate
[23 gen 2014 14:36:21,700] ERROR [Thread-4] (MainWindow.java:run:1329) - Error: element(4) file(C:\Users\Marco\Documents\keyvalue.csv) serial(2600215704919) duplicate
[23 gen 2014 14:36:21,701] ERROR [Thread-4] (MainWindow.java:run:1329) - Error: element(5) file(C:\Users\Marco\Documents\keyvalue.csv) serial(2600215704919) duplicate
[23 gen 2014 16:04:16,185] ERROR [Thread-4] (MainWindow.java:run:1331) - Error: element(2) file(C:\Users\Marco\Documents\keyvalue.csv) serial(2600215704919) duplicate
[23 gen 2014 16:04:16,193] ERROR [Thread-4] (MainWindow.java:run:1331) - Error: element(3) file(C:\Users\Marco\Documents\keyvalue.csv) serial(2600215704919) duplicate
[23 gen 2014 16:04:16,194] ERROR [Thread-4] (MainWindow.java:run:1331) - Error: element(4) file(C:\Users\Marco\Documents\keyvalue.csv) serial(2600215704919) duplicate
[23 gen 2014 16:04:16,195] ERROR [Thread-4] (MainWindow.java:run:1331) - Error: element(5) file(C:\Users\Marco\Documents\keyvalue.csv) serial(2600215704919) duplicate
[23 gen 2014 16:31:01,372] ERROR [Thread-4] (MainWindow.java:run:1331) - Error: element(2) file(C:\Users\Marco\Documents\keyvalue.csv) serial(2600215704919) duplicate
[23 gen 2014 16:31:01,374] ERROR [Thread-4] (MainWindow.java:run:1331) - Error: element(3) file(C:\Users\Marco\Documents\keyvalue.csv) serial(2600215704919) duplicate
[23 gen 2014 16:31:01,375] ERROR [Thread-4] (MainWindow.java:run:1331) - Error: element(4) file(C:\Users\Marco\Documents\keyvalue.csv) serial(2600215704919) duplicate
[23 gen 2014 16:31:01,375] ERROR [Thread-4] (MainWindow.java:run:1331) - Error: element(5) file(C:\Users\Marco\Documents\keyvalue.csv) serial(2600215704919) duplicate
[23 gen 2014 16:55:11,278] ERROR [Thread-4] (MainWindow.java:run:1331) - Error: element(2) file(C:\Users\Marco\Documents\keyvalue.csv) serial(2600215704919) duplicate
[23 gen 2014 16:55:11,280] ERROR [Thread-4] (MainWindow.java:run:1331) - Error: element(3) file(C:\Users\Marco\Documents\keyvalue.csv) serial(2600215704919) duplicate
[23 gen 2014 16:55:11,280] ERROR [Thread-4] (MainWindow.java:run:1331) - Error: element(4) file(C:\Users\Marco\Documents\keyvalue.csv) serial(2600215704919) duplicate
[23 gen 2014 16:55:11,281] ERROR [Thread-4] (MainWindow.java:run:1331) - Error: element(5) file(C:\Users\Marco\Documents\keyvalue.csv) serial(2600215704919) duplicate
[23 gen 2014 21:37:04,179] ERROR [Thread-4] (MainWindow.java:run:1331) - Error: element(2) file(C:\Users\Marco\Documents\keyvalue.csv) serial(2600215704919) duplicate
[23 gen 2014 21:37:04,206] ERROR [Thread-4] (MainWindow.java:run:1331) - Error: element(3) file(C:\Users\Marco\Documents\keyvalue.csv) serial(2600215704919) duplicate
[23 gen 2014 21:37:04,206] ERROR [Thread-4] (MainWindow.java:run:1331) - Error: element(4) file(C:\Users\Marco\Documents\keyvalue.csv) serial(2600215704919) duplicate
[23 gen 2014 21:37:04,206] ERROR [Thread-4] (MainWindow.java:run:1331) - Error: element(5) file(C:\Users\Marco\Documents\keyvalue.csv) serial(2600215704919) duplicate
[23 gen 2014 21:46:15,198] ERROR [Thread-4] (MainWindow.java:run:1317) - Error: element(2) file(C:\Users\Marco\Documents\keyvalue.csv) serial(2600215704919) duplicate
[23 gen 2014 21:46:15,201] ERROR [Thread-4] (MainWindow.java:run:1317) - Error: element(3) file(C:\Users\Marco\Documents\keyvalue.csv) serial(2600215704919) duplicate
[23 gen 2014 21:46:15,202] ERROR [Thread-4] (MainWindow.java:run:1317) - Error: element(4) file(C:\Users\Marco\Documents\keyvalue.csv) serial(2600215704919) duplicate
[23 gen 2014 21:46:15,202] ERROR [Thread-4] (MainWindow.java:run:1317) - Error: element(5) file(C:\Users\Marco\Documents\keyvalue.csv) serial(2600215704919) duplicate
[23 gen 2014 21:50:54,539] ERROR [Thread-4] (MainWindow.java:run:1317) - Error: element(2) file(C:\Users\Marco\Documents\keyvalue.csv) serial(2600215704919) duplicate
[23 gen 2014 21:50:54,540] ERROR [Thread-4] (MainWindow.java:run:1317) - Error: element(3) file(C:\Users\Marco\Documents\keyvalue.csv) serial(2600215704919) duplicate
[23 gen 2014 21:50:54,541] ERROR [Thread-4] (MainWindow.java:run:1317) - Error: element(4) file(C:\Users\Marco\Documents\keyvalue.csv) serial(2600215704919) duplicate
[23 gen 2014 21:50:54,541] ERROR [Thread-4] (MainWindow.java:run:1317) - Error: element(5) file(C:\Users\Marco\Documents\keyvalue.csv) serial(2600215704919) duplicate
[23 gen 2014 21:50:54,743] DEBUG [Thread-4] (MainWindow.java:run:1429) - Error: file(C:\Users\Marco\Documents\keyvalue.csv)
java.security.InvalidParameterException: Wrong keysize: must be equal to 128, 192 or 256
	at com.sun.crypto.provider.AESKeyGenerator.engineInit(AESKeyGenerator.java:93)
	at javax.crypto.KeyGenerator.init(KeyGenerator.java:501)
	at com.dicarlo.MainWindow$15.run(MainWindow.java:1379)
[23 gen 2014 21:51:52,093] ERROR [Thread-4] (MainWindow.java:run:1317) - Error: element(2) file(C:\Users\Marco\Documents\keyvalue.csv) serial(2600215704919) duplicate
[23 gen 2014 21:51:52,094] ERROR [Thread-4] (MainWindow.java:run:1317) - Error: element(3) file(C:\Users\Marco\Documents\keyvalue.csv) serial(2600215704919) duplicate
[23 gen 2014 21:51:52,094] ERROR [Thread-4] (MainWindow.java:run:1317) - Error: element(4) file(C:\Users\Marco\Documents\keyvalue.csv) serial(2600215704919) duplicate
[23 gen 2014 21:51:52,095] ERROR [Thread-4] (MainWindow.java:run:1317) - Error: element(5) file(C:\Users\Marco\Documents\keyvalue.csv) serial(2600215704919) duplicate
[23 gen 2014 21:51:52,160] DEBUG [Thread-4] (MainWindow.java:run:1429) - Error: file(C:\Users\Marco\Documents\keyvalue.csv)
java.security.InvalidKeyException: Illegal key size
	at javax.crypto.Cipher.checkCryptoPerm(Cipher.java:1024)
	at javax.crypto.Cipher.implInit(Cipher.java:790)
	at javax.crypto.Cipher.chooseProvider(Cipher.java:849)
	at javax.crypto.Cipher.init(Cipher.java:1348)
	at javax.crypto.Cipher.init(Cipher.java:1282)
	at com.dicarlo.MainWindow.encryptAES(MainWindow.java:1600)
	at com.dicarlo.MainWindow.access$63(MainWindow.java:1596)
	at com.dicarlo.MainWindow$15.run(MainWindow.java:1413)
[23 gen 2014 21:53:38,987] ERROR [Thread-4] (MainWindow.java:run:1317) - Error: element(2) file(C:\Users\Marco\Documents\keyvalue.csv) serial(2600215704919) duplicate
[23 gen 2014 21:53:38,988] ERROR [Thread-4] (MainWindow.java:run:1317) - Error: element(3) file(C:\Users\Marco\Documents\keyvalue.csv) serial(2600215704919) duplicate
[23 gen 2014 21:53:38,989] ERROR [Thread-4] (MainWindow.java:run:1317) - Error: element(4) file(C:\Users\Marco\Documents\keyvalue.csv) serial(2600215704919) duplicate
[23 gen 2014 21:53:38,989] ERROR [Thread-4] (MainWindow.java:run:1317) - Error: element(5) file(C:\Users\Marco\Documents\keyvalue.csv) serial(2600215704919) duplicate
[23 gen 2014 21:53:39,063] DEBUG [Thread-4] (MainWindow.java:run:1429) - Error: file(C:\Users\Marco\Documents\keyvalue.csv)
java.security.InvalidKeyException: Illegal key size
	at javax.crypto.Cipher.checkCryptoPerm(Cipher.java:1024)
	at javax.crypto.Cipher.implInit(Cipher.java:790)
	at javax.crypto.Cipher.chooseProvider(Cipher.java:849)
	at javax.crypto.Cipher.init(Cipher.java:1348)
	at javax.crypto.Cipher.init(Cipher.java:1282)
	at com.dicarlo.MainWindow.encryptAES(MainWindow.java:1600)
	at com.dicarlo.MainWindow.access$63(MainWindow.java:1596)
	at com.dicarlo.MainWindow$15.run(MainWindow.java:1413)
[23 gen 2014 22:02:34,578] ERROR [Thread-4] (MainWindow.java:run:1317) - Error: element(2) file(C:\Users\Marco\Documents\keyvalue.csv) serial(2600215704919) duplicate
[23 gen 2014 22:02:34,579] ERROR [Thread-4] (MainWindow.java:run:1317) - Error: element(3) file(C:\Users\Marco\Documents\keyvalue.csv) serial(2600215704919) duplicate
[23 gen 2014 22:02:34,580] ERROR [Thread-4] (MainWindow.java:run:1317) - Error: element(4) file(C:\Users\Marco\Documents\keyvalue.csv) serial(2600215704919) duplicate
[23 gen 2014 22:02:34,580] ERROR [Thread-4] (MainWindow.java:run:1317) - Error: element(5) file(C:\Users\Marco\Documents\keyvalue.csv) serial(2600215704919) duplicate
[23 gen 2014 22:04:59,861] ERROR [Thread-4] (MainWindow.java:run:1317) - Error: element(2) file(C:\Users\Marco\Documents\keyvalue.csv) serial(2600215704919) duplicate
[23 gen 2014 22:04:59,863] ERROR [Thread-4] (MainWindow.java:run:1317) - Error: element(3) file(C:\Users\Marco\Documents\keyvalue.csv) serial(2600215704919) duplicate
[23 gen 2014 22:04:59,863] ERROR [Thread-4] (MainWindow.java:run:1317) - Error: element(4) file(C:\Users\Marco\Documents\keyvalue.csv) serial(2600215704919) duplicate
[23 gen 2014 22:04:59,863] ERROR [Thread-4] (MainWindow.java:run:1317) - Error: element(5) file(C:\Users\Marco\Documents\keyvalue.csv) serial(2600215704919) duplicate
[23 gen 2014 22:09:53,734] ERROR [Thread-4] (MainWindow.java:run:1317) - Error: element(2) file(C:\Users\Marco\Documents\keyvalue.csv) serial(2600215704919) duplicate
[23 gen 2014 22:09:53,737] ERROR [Thread-4] (MainWindow.java:run:1317) - Error: element(3) file(C:\Users\Marco\Documents\keyvalue.csv) serial(2600215704919) duplicate
[23 gen 2014 22:09:53,738] ERROR [Thread-4] (MainWindow.java:run:1317) - Error: element(4) file(C:\Users\Marco\Documents\keyvalue.csv) serial(2600215704919) duplicate
[23 gen 2014 22:09:53,738] ERROR [Thread-4] (MainWindow.java:run:1317) - Error: element(5) file(C:\Users\Marco\Documents\keyvalue.csv) serial(2600215704919) duplicate
[23 gen 2014 22:34:40,498] ERROR [Thread-4] (MainWindow.java:run:1317) - Error: element(2) file(C:\Users\Marco\Documents\keyvalue.csv) serial(2600215704919) duplicate
[23 gen 2014 22:34:40,499] ERROR [Thread-4] (MainWindow.java:run:1317) - Error: element(3) file(C:\Users\Marco\Documents\keyvalue.csv) serial(2600215704919) duplicate
[23 gen 2014 22:34:40,500] ERROR [Thread-4] (MainWindow.java:run:1317) - Error: element(4) file(C:\Users\Marco\Documents\keyvalue.csv) serial(2600215704919) duplicate
[23 gen 2014 22:34:40,500] ERROR [Thread-4] (MainWindow.java:run:1317) - Error: element(5) file(C:\Users\Marco\Documents\keyvalue.csv) serial(2600215704919) duplicate
[24 gen 2014 10:52:14,968] ERROR [Thread-4] (MainWindow.java:run:1317) - Error: element(2) file(C:\Users\Marco\Documents\keyvalue.csv) serial(2600215704919) duplicate
[24 gen 2014 10:52:14,986] ERROR [Thread-4] (MainWindow.java:run:1317) - Error: element(3) file(C:\Users\Marco\Documents\keyvalue.csv) serial(2600215704919) duplicate
[24 gen 2014 10:52:14,986] ERROR [Thread-4] (MainWindow.java:run:1317) - Error: element(4) file(C:\Users\Marco\Documents\keyvalue.csv) serial(2600215704919) duplicate
[24 gen 2014 10:52:14,986] ERROR [Thread-4] (MainWindow.java:run:1317) - Error: element(5) file(C:\Users\Marco\Documents\keyvalue.csv) serial(2600215704919) duplicate
